<?xml version="1.0" encoding="UTF-8"?>
<testng-results ignored="0" total="2" passed="2" failed="0" skipped="0">
  <reporter-output>
  </reporter-output>
  <suite started-at="2024-08-01T11:13:45 IST" name="Default suite" finished-at="2024-08-01T11:14:21 IST" duration-ms="36093">
    <groups>
    </groups>
    <test started-at="2024-08-01T11:13:45 IST" name="Default test" finished-at="2024-08-01T11:14:21 IST" duration-ms="36093">
      <class name="test.LoginTest">
        <test-method is-config="true" signature="openAnApplication()[pri:0, instance:test.LoginTest@4b2bac3f]" started-at="2024-08-01T11:13:45 IST" name="openAnApplication" finished-at="2024-08-01T11:13:58 IST" duration-ms="12311" status="PASS">
          <reporter-output>
          </reporter-output>
        </test-method> <!-- openAnApplication -->
        <test-method signature="login(java.lang.String,java.lang.String,java.lang.String)[pri:0, instance:test.LoginTest@4b2bac3f]" started-at="2024-08-01T11:13:58 IST" name="login" data-provider="getLoginData" finished-at="2024-08-01T11:14:03 IST" duration-ms="5196" status="PASS">
          <params>
            <param index="0">
              <value>
                <![CDATA[sutardattatray123@gmail.com]]>
              </value>
            </param>
            <param index="1">
              <value>
                <![CDATA[Sutar@123]]>
              </value>
            </param>
            <param index="2">
              <value>
                <![CDATA[Successfull]]>
              </value>
            </param>
          </params>
          <reporter-output>
          </reporter-output>
        </test-method> <!-- login -->
        <test-method is-config="true" signature="closure()[pri:0, instance:test.LoginTest@4b2bac3f]" started-at="2024-08-01T11:14:03 IST" name="closure" finished-at="2024-08-01T11:14:04 IST" duration-ms="832" status="PASS">
          <reporter-output>
          </reporter-output>
        </test-method> <!-- closure -->
        <test-method is-config="true" signature="openAnApplication()[pri:0, instance:test.LoginTest@4b2bac3f]" started-at="2024-08-01T11:14:04 IST" name="openAnApplication" finished-at="2024-08-01T11:14:07 IST" duration-ms="3326" status="PASS">
          <reporter-output>
          </reporter-output>
        </test-method> <!-- openAnApplication -->
        <test-method signature="login(java.lang.String,java.lang.String,java.lang.String)[pri:0, instance:test.LoginTest@4b2bac3f]" started-at="2024-08-01T11:14:07 IST" name="login" data-provider="getLoginData" finished-at="2024-08-01T11:14:21 IST" duration-ms="14211" status="PASS">
          <params>
            <param index="0">
              <value>
                <![CDATA[sutardattatray@gmail.com]]>
              </value>
            </param>
            <param index="1">
              <value>
                <![CDATA[Sutar1234]]>
              </value>
            </param>
            <param index="2">
              <value>
                <![CDATA[Failure]]>
              </value>
            </param>
          </params>
          <reporter-output>
          </reporter-output>
        </test-method> <!-- login -->
        <test-method is-config="true" signature="closure()[pri:0, instance:test.LoginTest@4b2bac3f]" started-at="2024-08-01T11:14:21 IST" name="closure" finished-at="2024-08-01T11:14:21 IST" duration-ms="135" status="PASS">
          <reporter-output>
          </reporter-output>
        </test-method> <!-- closure -->
      </class> <!-- test.LoginTest -->
    </test> <!-- Default test -->
  </suite> <!-- Default suite -->
</testng-results>
